INFO:root:[+] Молекула HOVQAK(I4 Tl1)

INFO:root:[[0.  0.  0. ]
 [0.  0.5 0.5]
 [0.5 0.  0.5]
 [0.5 0.5 0. ]]
INFO:root:d = [-0.0, -0.0, -0.0]
INFO:root:[+] 3-х слойная
INFO:root:[+] Молекула JUKXES01(Br4 Tl1)

INFO:root:[[0.  0.  0. ]
 [0.  0.5 0.5]
 [0.5 0.  0.5]
 [0.5 0.5 0. ]]
INFO:root:d = [-0.0, -0.0, -0.0]
INFO:root:[+] 3-х слойная
INFO:root:[+] Молекула KUSLUH(C72 Cd8 Cl4 Se13)

INFO:root:[[0.  0.  0. ]
 [0.  0.5 0.5]
 [0.5 0.  0.5]
 [0.5 0.5 0. ]]
INFO:root:d = [-0.0, -0.0, -0.0]
INFO:root:[+] 3-х слойная
INFO:root:[+] Молекула NULTUJ(Br4 Tl1)

INFO:root:[[0.  0.  0. ]
 [0.  0.5 0.5]
 [0.5 0.  0.5]
 [0.5 0.5 0. ]]
INFO:root:d = [-0.0, -0.0, -0.0]
INFO:root:[+] 3-х слойная
INFO:root:[+] Молекула NULVAR(Br4 Tl1)

INFO:root:[[0.  0.  0. ]
 [0.  0.5 0.5]
 [0.5 0.  0.5]
 [0.5 0.5 0. ]]
INFO:root:d = [-0.0, -0.0, -0.0]
INFO:root:[+] 3-х слойная
INFO:root:[+] Молекула QITDUS(C60 H96 N12 Ni6 O24 Sm1)

INFO:root:[[0.  0.  0. ]
 [0.  0.5 0.5]
 [0.5 0.  0.5]
 [0.5 0.5 0. ]]
INFO:root:d = [-0.0, -0.0, -0.0]
INFO:root:[+] 3-х слойная
INFO:root:[+] Молекула QITDIG(C60 H96 N12 Ni6 O24 Sm1)

INFO:root:[[0.  0.  0. ]
 [0.  0.5 0.5]
 [0.5 0.  0.5]
 [0.5 0.5 0. ]]
INFO:root:d = [-0.0, -0.0, -0.0]
INFO:root:[+] 3-х слойная
INFO:root:[+] Молекула QITFAA(C60 H96 N12 Ni6 O24 Sm1)

INFO:root:[[0.  0.  0. ]
 [0.  0.5 0.5]
 [0.5 0.  0.5]
 [0.5 0.5 0. ]]
INFO:root:d = [-0.0, -0.0, -0.0]
INFO:root:[+] 3-х слойная
INFO:root:[+] Молекула RALXUY(C60 Gd1 H96 N12 Ni6 O24)

INFO:root:[[0.  0.  0. ]
 [0.  0.5 0.5]
 [0.5 0.  0.5]
 [0.5 0.5 0. ]]
INFO:root:d = [-0.0, -0.0, -0.0]
INFO:root:[+] 3-х слойная
INFO:root:[+] Молекула RUHJEK(Ba1 C60 Co6 H96 N12 O24)

INFO:root:[[0.  0.  0. ]
 [0.  0.5 0.5]
 [0.5 0.  0.5]
 [0.5 0.5 0. ]]
INFO:root:d = [-0.0, -0.0, -0.0]
INFO:root:[+] 3-х слойная
INFO:root:[+] Молекула RUHJEK(Cl1 O4)

INFO:root:[[-0.25 -0.25 -0.25]
 [-0.25  0.25  0.25]
 [ 0.25 -0.25  0.25]
 [ 0.25  0.25 -0.25]]
INFO:root:d = [-0.25, -0.25, -0.25]
INFO:root:[+] 3-х слойная
INFO:root:[+] Молекула RALYAF(C60 H96 La1 N12 Ni6 O24)

INFO:root:[[0.  0.  0. ]
 [0.  0.5 0.5]
 [0.5 0.  0.5]
 [0.5 0.5 0. ]]
INFO:root:d = [-0.0, -0.0, -0.0]
INFO:root:[+] 3-х слойная
INFO:root:[+] Молекула RUHJIO(C60 Co6 H96 La1 N12 O24)

INFO:root:[[0.  0.  0. ]
 [0.  0.5 0.5]
 [0.5 0.  0.5]
 [0.5 0.5 0. ]]
INFO:root:d = [-0.0, -0.0, -0.0]
INFO:root:[+] 3-х слойная
INFO:root:[+] Молекула RUHJIO(Cl1 O4)

INFO:root:[[-0.25 -0.25 -0.25]
 [-0.25  0.25  0.25]
 [ 0.25 -0.25  0.25]
 [ 0.25  0.25 -0.25]]
INFO:root:d = [-0.25, -0.25, -0.25]
INFO:root:[+] 3-х слойная
INFO:root:[+] Молекула RUHJOU(Ba1 C60 Co6 H96 N12 O24)

INFO:root:[[0.  0.  0. ]
 [0.  0.5 0.5]
 [0.5 0.  0.5]
 [0.5 0.5 0. ]]
INFO:root:d = [-0.0, -0.0, -0.0]
INFO:root:[+] 3-х слойная
INFO:root:[+] Молекула RUHJUA(C60 Co6 H96 La1 N12 O24)

INFO:root:[[0.  0.  0. ]
 [0.  0.5 0.5]
 [0.5 0.  0.5]
 [0.5 0.5 0. ]]
INFO:root:d = [-0.0, -0.0, -0.0]
INFO:root:[+] 3-х слойная
INFO:root:[+] Молекула DABDEQ(H12 Mg1 O6)

INFO:root:[[ 0.    0.    0.  ]
 [-0.    0.5   0.5 ]
 [ 0.25  0.25  0.25]
 [ 0.5   0.25  0.5 ]
 [ 0.25  0.5   0.5 ]
 [ 0.5   0.5   0.25]
 [ 0.5   0.5  -0.  ]
 [ 0.5   0.    0.5 ]]
INFO:root:[+] d=[-0.375, -0.5, -0.5]
INFO:root:[+] Упаковка не найдена
INFO:root:[+] Молекула KEMLOD01(C16 Co4 O16 Sn1)

INFO:root:[[0.  0.  0. ]
 [0.  0.5 0.5]
 [0.5 0.  0.5]
 [0.5 0.5 0. ]
 [0.  0.  0.5]
 [0.5 0.  0. ]
 [0.  0.5 0. ]
 [0.5 0.5 0.5]]
INFO:root:[+] d=[-0.5, -0.5, -0.5]
INFO:root:[+] Упаковка не найдена
INFO:root:[+] Молекула KEMLOD(C16 Co4 O16 Sn1)

INFO:root:[[0.  0.  0. ]
 [0.  0.5 0.5]
 [0.5 0.  0.5]
 [0.5 0.5 0. ]
 [0.  0.  0.5]
 [0.5 0.  0. ]
 [0.  0.5 0. ]
 [0.5 0.5 0.5]]
INFO:root:[+] d=[-0.5, -0.5, -0.5]
INFO:root:[+] Упаковка не найдена
INFO:root:[+] Молекула ZETFUZ(C72 Cd8 Cl4 S13)

INFO:root:[[ 0.   0.   0. ]
 [ 0.  -0.   0.5]
 [ 0.5 -0.  -0. ]
 [ 0.   0.5  0.5]
 [ 0.   0.5 -0. ]
 [ 0.5  0.5  0.5]
 [ 0.5  0.   0.5]
 [ 0.5  0.5  0. ]]
INFO:root:[+] d=[-0.5, -0.5, -0.5]
INFO:root:[+] Упаковка не найдена
INFO:root:[+] Молекула PIZFAF(Br4 C10 H12)

INFO:root:[[0.  0.  0. ]
 [0.  0.5 0.5]
 [0.5 0.  0.5]
 [0.5 0.5 0. ]]
INFO:root:d = [-0.0, -0.0, -0.0]
INFO:root:[+] 3-х слойная
INFO:root:[+] Молекула DOPSIK(C20)

INFO:root:[[0.  0.  0. ]
 [0.  0.5 0.5]
 [0.5 0.  0.5]
 [0.5 0.5 0. ]]
INFO:root:d = [-0.0, -0.0, -0.0]
INFO:root:[+] 3-х слойная
INFO:root:[+] Молекула FUYZOO01(B12 H12)

INFO:root:[[0.  0.  0. ]
 [0.  0.5 0.5]
 [0.5 0.  0.5]
 [0.5 0.5 0. ]]
INFO:root:d = [-0.0, -0.0, -0.0]
INFO:root:[+] 3-х слойная
INFO:root:[+] Молекула JINVAE(B12 H12)

INFO:root:[[0.  0.  0. ]
 [0.  0.5 0.5]
 [0.5 0.  0.5]
 [0.5 0.5 0. ]]
INFO:root:d = [-0.0, -0.0, -0.0]
INFO:root:[+] 3-х слойная
INFO:root:[+] Молекула GALGUV01(B12 H12)

INFO:root:[[0.  0.  0. ]
 [0.  0.5 0.5]
 [0.5 0.  0.5]
 [0.5 0.5 0. ]]
INFO:root:d = [-0.0, -0.0, -0.0]
INFO:root:[+] 3-х слойная
INFO:root:[+] Молекула DOPSIK01(C20 H20)

INFO:root:[[0.  0.  0. ]
 [0.  0.5 0.5]
 [0.5 0.  0.5]
 [0.5 0.5 0. ]]
INFO:root:d = [-0.0, -0.0, -0.0]
INFO:root:[+] 3-х слойная
INFO:root:[+] Молекула GIGROD(B6 H6)

INFO:root:[[0.  0.  0. ]
 [0.  0.5 0.5]
 [0.5 0.  0.5]
 [0.5 0.5 0. ]]
INFO:root:d = [-0.0, -0.0, -0.0]
INFO:root:[+] 3-х слойная
INFO:root:[+] Молекула GIGRIX(B6 H6)

INFO:root:[[0.  0.  0. ]
 [0.  0.5 0.5]
 [0.5 0.  0.5]
 [0.5 0.5 0. ]]
INFO:root:d = [-0.0, -0.0, -0.0]
INFO:root:[+] 3-х слойная
INFO:root:[+] Молекула KIBCOQ(I6 Te1)

INFO:root:[[0.  0.  0. ]
 [0.  0.5 0.5]
 [0.5 0.  0.5]
 [0.5 0.5 0. ]]
INFO:root:d = [-0.0, -0.0, -0.0]
INFO:root:[+] 3-х слойная
INFO:root:[+] Молекула MATEHI01(I6 Te1)

INFO:root:[[0.  0.  0. ]
 [0.  0.5 0.5]
 [0.5 0.  0.5]
 [0.5 0.5 0. ]]
INFO:root:d = [-0.0, -0.0, -0.0]
INFO:root:[+] 3-х слойная
INFO:root:[+] Молекула MIPYOB(I6 Sn1)

INFO:root:[[0.  0.  0. ]
 [0.  0.5 0.5]
 [0.5 0.  0.5]
 [0.5 0.5 0. ]]
INFO:root:d = [-0.0, -0.0, -0.0]
INFO:root:[+] 3-х слойная
INFO:root:[+] Молекула GOLSUY(Cl6 Hf1)

INFO:root:[[0.  0.  0. ]
 [0.  0.5 0.5]
 [0.5 0.  0.5]
 [0.5 0.5 0. ]]
INFO:root:d = [-0.0, -0.0, -0.0]
INFO:root:[+] 3-х слойная
INFO:root:[+] Молекула MACSNA05(Cl6 Sn1)

INFO:root:[[0.  0.  0. ]
 [0.  0.5 0.5]
 [0.5 0.  0.5]
 [0.5 0.5 0. ]]
INFO:root:d = [-0.0, -0.0, -0.0]
INFO:root:[+] 3-х слойная
INFO:root:[+] Молекула TMAMPC(Cl6 Pt1)

INFO:root:[[0.  0.  0. ]
 [0.  0.5 0.5]
 [0.5 0.  0.5]
 [0.5 0.5 0. ]]
INFO:root:d = [-0.0, -0.0, -0.0]
INFO:root:[+] 3-х слойная
INFO:root:[+] Молекула SAJHES07(F6 Ti1)

INFO:root:[[0.  0.  0. ]
 [0.  0.5 0.5]
 [0.5 0.  0.5]
 [0.5 0.5 0. ]]
INFO:root:d = [-0.0, -0.0, -0.0]
INFO:root:[+] 3-х слойная
INFO:root:[+] Молекула SAJHES08(F6 Ti1)

INFO:root:[[0.  0.  0. ]
 [0.  0.5 0.5]
 [0.5 0.  0.5]
 [0.5 0.5 0. ]]
INFO:root:d = [-0.0, -0.0, -0.0]
INFO:root:[+] 3-х слойная
INFO:root:[+] Молекула SAJHES09(F6 Ti1)

INFO:root:[[0.  0.  0. ]
 [0.  0.5 0.5]
 [0.5 0.  0.5]
 [0.5 0.5 0. ]]
INFO:root:d = [-0.0, -0.0, -0.0]
INFO:root:[+] 3-х слойная
INFO:root:[+] Молекула XINNIU(F6 Si1)

INFO:root:[[0.  0.  0. ]
 [0.  0.5 0.5]
 [0.5 0.  0.5]
 [0.5 0.5 0. ]]
INFO:root:d = [-0.0, -0.0, -0.0]
INFO:root:[+] 3-х слойная
INFO:root:[+] Молекула TOFZUM(Cl6 U1)

INFO:root:[[0.  0.  0. ]
 [0.  0.5 0.5]
 [0.5 0.  0.5]
 [0.5 0.5 0. ]]
INFO:root:d = [-0.0, -0.0, -0.0]
INFO:root:[+] 3-х слойная
INFO:root:[+] Молекула TOGBEZ(Cl6 Np1)

INFO:root:[[0.  0.  0. ]
 [0.  0.5 0.5]
 [0.5 0.  0.5]
 [0.5 0.5 0. ]]
INFO:root:d = [-0.0, -0.0, -0.0]
INFO:root:[+] 3-х слойная
INFO:root:[+] Молекула ZZZWNI01(Cl6 Pu1)

INFO:root:[[0.  0.  0. ]
 [0.  0.5 0.5]
 [0.5 0.  0.5]
 [0.5 0.5 0. ]]
INFO:root:d = [-0.0, -0.0, -0.0]
INFO:root:[+] 3-х слойная
INFO:root:[+] Молекула YOBDIF(C24 Cl1 H39 N6 Ni1 P1)

INFO:root:[[ 0.715379  0.715379  0.715379]
 [-0.215379 -0.715379  1.215379]
 [-0.715379  1.215379 -0.215379]
 [ 1.215379 -0.215379 -0.715379]
 [ 1.215379  1.215379  1.215379]
 [-0.715379 -0.215379  0.715379]
 [-0.215379  0.715379 -0.715379]
 [ 0.715379 -0.715379 -0.215379]]
INFO:root:[+] d=[-0.965379, -1.4480685000000002, -1.4480685000000002]
INFO:root:[+] Упаковка не найдена
INFO:root:[+] Молекула GEQCOU(C36 H30 N1 P2)

INFO:root:[[ 0.250177  0.250177  0.250177]
 [-0.250177 -0.250177  0.250177]
 [ 0.250177 -0.250177 -0.250177]
 [-0.250177  0.250177 -0.250177]
 [ 0.750177  0.750177  0.750177]
 [ 0.249823  0.249823  0.750177]
 [ 0.750177  0.249823  0.249823]
 [ 0.249823  0.750177  0.249823]]
INFO:root:[+] d=[-0.500177, -0.5003539999999999, -0.7502654999999998]
INFO:root:[+] Упаковка не найдена
INFO:root:[+] Молекула GEXSEJ(C18 F3 H12 P1 Se1)

INFO:root:[[ 0.794104  0.794104  0.794104]
 [-0.794104 -0.794104  0.794104]
 [ 0.794104 -0.794104 -0.794104]
 [-0.794104  0.794104 -0.794104]
 [ 1.294104  1.294104  1.294104]
 [-0.294104 -0.294104  1.294104]
 [ 1.294104 -0.294104 -0.294104]
 [-0.294104  1.294104 -0.294104]]
INFO:root:[+] d=[-1.0882079999999998, -1.5882079999999998, -1.5882079999999998]
INFO:root:[+] Упаковка не найдена
INFO:root:[+] Молекула AHIWUM(Co1 O6)

INFO:root:[[ 0.255024  0.255024  0.255024]
 [-0.255024 -0.255024  0.255024]
 [ 0.255024 -0.255024 -0.255024]
 [-0.255024  0.255024 -0.255024]
 [ 0.755024  0.755024  0.755024]
 [ 0.244976  0.244976  0.755024]
 [ 0.755024  0.244976  0.244976]
 [ 0.244976  0.755024  0.244976]]
INFO:root:[+] d=[-0.5050239999999999, -0.5100479999999998, -0.7575359999999998]
INFO:root:[+] Упаковка не найдена
INFO:root:[+] Молекула ICUCAK(Al3 C63 Cl6 H75 O9)

INFO:root:[[ 0.19834  0.19834  0.19834]
 [-0.19834 -0.19834  0.19834]
 [-0.19834  0.19834 -0.19834]
 [ 0.19834 -0.19834 -0.19834]
 [ 0.69834  0.69834  0.69834]
 [ 0.30166  0.30166  0.69834]
 [ 0.30166  0.69834  0.30166]
 [ 0.69834  0.30166  0.30166]]
INFO:root:[+] d=[-0.5, -0.75, -0.75]
INFO:root:[+] Упаковка не найдена
INFO:root:[+] Молекула KEFDOQ(C48 H42 O13 Zn4)

INFO:root:[[ 0.180096  0.180096  0.180096]
 [-0.180096 -0.180096  0.180096]
 [ 0.180096 -0.180096 -0.180096]
 [-0.180096  0.180096 -0.180096]
 [ 0.680096  0.680096  0.680096]
 [ 0.319904  0.319904  0.680096]
 [ 0.680096  0.319904  0.319904]
 [ 0.319904  0.680096  0.319904]]
INFO:root:[+] d=[-0.5, -0.75, -0.75]
INFO:root:[+] Упаковка не найдена
INFO:root:[+] Молекула VUHYON(C45 H48 Ir1 N9)

INFO:root:[[ 0.821589  0.821589  0.821589]
 [-0.821589 -0.821589  0.821589]
 [-0.821589  0.821589 -0.821589]
 [ 0.821589 -0.821589 -0.821589]
 [ 1.321589  1.321589  1.321589]
 [-0.321589 -0.321589  1.321589]
 [-0.321589  1.321589 -0.321589]
 [ 1.321589 -0.321589 -0.321589]]
INFO:root:[+] d=[-1.1431779999999998, -1.6431779999999998, -1.6431779999999998]
INFO:root:[+] Упаковка не найдена
INFO:root:[+] Молекула VUHYON(F6 P1)

INFO:root:[[ 1.   1.   1. ]
 [-1.  -1.   1. ]
 [-1.   1.  -1. ]
 [ 1.  -1.  -1. ]
 [ 1.5  1.5  1.5]
 [-0.5 -0.5  1.5]
 [-0.5  1.5 -0.5]
 [ 1.5 -0.5 -0.5]]
INFO:root:[+] d=[-1.5, -2.0, -2.0]
INFO:root:[+] Упаковка не найдена
INFO:root:[+] Молекула POSHOU01(C60)

INFO:root:[[ 0.811377  0.811377  0.811377]
 [-0.811377 -0.811377  0.811377]
 [-0.811377  0.811377 -0.811377]
 [ 0.811377 -0.811377 -0.811377]
 [ 1.311377  1.311377  1.311377]
 [-0.311377 -0.311377  1.311377]
 [-0.311377  1.311377 -0.311377]
 [ 1.311377 -0.311377 -0.311377]]
INFO:root:[+] d=[-1.1227540000000003, -1.6227540000000003, -1.6227540000000003]
INFO:root:[+] Упаковка не найдена
INFO:root:[+] Молекула HMSIPA(C12 H36 P4 Si6)

INFO:root:[[ 0.5  0.5  0.5]
 [ 1.   1.   1. ]
 [-0.5  0.5 -0.5]
 [ 0.   1.   0. ]
 [ 0.5 -0.5 -0.5]
 [ 1.   0.   0. ]
 [-0.5 -0.5  0.5]
 [ 0.   0.   1. ]]
INFO:root:[+] d=[-0.75, -1.0, -1.125]
INFO:root:[+] Упаковка не найдена
INFO:root:[+] Молекула HXMTAM25(C6 D12 N4)

INFO:root:[[ 0.5  0.5  0.5]
 [ 1.   1.   1. ]
 [ 0.5 -0.5 -0.5]
 [ 1.   0.   0. ]
 [-0.5 -0.5  0.5]
 [ 0.   0.   1. ]
 [-0.5  0.5 -0.5]
 [ 0.   1.   0. ]]
INFO:root:[+] d=[-0.75, -1.0, -1.125]
INFO:root:[+] Упаковка не найдена
INFO:root:[+] Молекула HXMTAM26(C6 D12 N4)

INFO:root:[[ 0.5  0.5  0.5]
 [ 1.   1.   1. ]
 [ 0.5 -0.5 -0.5]
 [ 1.   0.   0. ]
 [-0.5 -0.5  0.5]
 [ 0.   0.   1. ]
 [-0.5  0.5 -0.5]
 [ 0.   1.   0. ]]
INFO:root:[+] d=[-0.75, -1.0, -1.125]
INFO:root:[+] Упаковка не найдена
INFO:root:[+] Молекула HXMTAM27(C6 D12 N4)

INFO:root:[[ 0.5  0.5  0.5]
 [ 1.   1.   1. ]
 [ 0.5 -0.5 -0.5]
 [ 1.   0.   0. ]
 [-0.5 -0.5  0.5]
 [ 0.   0.   1. ]
 [-0.5  0.5 -0.5]
 [ 0.   1.   0. ]]
INFO:root:[+] d=[-0.75, -1.0, -1.125]
INFO:root:[+] Упаковка не найдена
INFO:root:[+] Молекула HXMTAM28(C6 D12 N4)

INFO:root:[[ 0.5  0.5  0.5]
 [ 1.   1.   1. ]
 [ 0.5 -0.5 -0.5]
 [ 1.   0.   0. ]
 [-0.5 -0.5  0.5]
 [ 0.   0.   1. ]
 [-0.5  0.5 -0.5]
 [ 0.   1.   0. ]]
INFO:root:[+] d=[-0.75, -1.0, -1.125]
INFO:root:[+] Упаковка не найдена
INFO:root:[+] Молекула HXMTAM29(C6 D12 N4)

INFO:root:[[ 0.5  0.5  0.5]
 [ 1.   1.   1. ]
 [ 0.5 -0.5 -0.5]
 [ 1.   0.   0. ]
 [-0.5 -0.5  0.5]
 [ 0.   0.   1. ]
 [-0.5  0.5 -0.5]
 [ 0.   1.   0. ]]
INFO:root:[+] d=[-0.75, -1.0, -1.125]
INFO:root:[+] Упаковка не найдена
INFO:root:[+] Молекула HXMTAM30(C6 D12 N4)

INFO:root:[[ 0.5  0.5  0.5]
 [ 1.   1.   1. ]
 [ 0.5 -0.5 -0.5]
 [ 1.   0.   0. ]
 [-0.5 -0.5  0.5]
 [ 0.   0.   1. ]
 [-0.5  0.5 -0.5]
 [ 0.   1.   0. ]]
INFO:root:[+] d=[-0.75, -1.0, -1.125]
INFO:root:[+] Упаковка не найдена
INFO:root:[+] Молекула HXMTAM31(C6 D12 N4)

INFO:root:[[ 0.5  0.5  0.5]
 [ 1.   1.   1. ]
 [ 0.5 -0.5 -0.5]
 [ 1.   0.   0. ]
 [-0.5 -0.5  0.5]
 [ 0.   0.   1. ]
 [-0.5  0.5 -0.5]
 [ 0.   1.   0. ]]
INFO:root:[+] d=[-0.75, -1.0, -1.125]
INFO:root:[+] Упаковка не найдена
INFO:root:[+] Молекула HXMTAM32(C6 D12 N4)

INFO:root:[[ 0.5  0.5  0.5]
 [ 1.   1.   1. ]
 [ 0.5 -0.5 -0.5]
 [ 1.   0.   0. ]
 [-0.5 -0.5  0.5]
 [ 0.   0.   1. ]
 [-0.5  0.5 -0.5]
 [ 0.   1.   0. ]]
INFO:root:[+] d=[-0.75, -1.0, -1.125]
INFO:root:[+] Упаковка не найдена
INFO:root:[+] Молекула HXMTAM33(C6 D12 N4)

INFO:root:[[ 0.5  0.5  0.5]
 [ 1.   1.   1. ]
 [ 0.5 -0.5 -0.5]
 [ 1.   0.   0. ]
 [-0.5 -0.5  0.5]
 [ 0.   0.   1. ]
 [-0.5  0.5 -0.5]
 [ 0.   1.   0. ]]
INFO:root:[+] d=[-0.75, -1.0, -1.125]
INFO:root:[+] Упаковка не найдена
INFO:root:[+] Молекула HXMTAM34(C6 D12 N4)

INFO:root:[[ 0.5  0.5  0.5]
 [ 1.   1.   1. ]
 [ 0.5 -0.5 -0.5]
 [ 1.   0.   0. ]
 [-0.5 -0.5  0.5]
 [ 0.   0.   1. ]
 [-0.5  0.5 -0.5]
 [ 0.   1.   0. ]]
INFO:root:[+] d=[-0.75, -1.0, -1.125]
INFO:root:[+] Упаковка не найдена
INFO:root:[+] Молекула HXMTAM35(C6 D12 N4)

INFO:root:[[ 0.5  0.5  0.5]
 [ 1.   1.   1. ]
 [ 0.5 -0.5 -0.5]
 [ 1.   0.   0. ]
 [-0.5 -0.5  0.5]
 [ 0.   0.   1. ]
 [-0.5  0.5 -0.5]
 [ 0.   1.   0. ]]
INFO:root:[+] d=[-0.75, -1.0, -1.125]
INFO:root:[+] Упаковка не найдена
INFO:root:[+] Молекула HXMTAM36(C6 D12 N4)

INFO:root:[[ 0.5  0.5  0.5]
 [ 1.   1.   1. ]
 [ 0.5 -0.5 -0.5]
 [ 1.   0.   0. ]
 [-0.5 -0.5  0.5]
 [ 0.   0.   1. ]
 [-0.5  0.5 -0.5]
 [ 0.   1.   0. ]]
INFO:root:[+] d=[-0.75, -1.0, -1.125]
INFO:root:[+] Упаковка не найдена
INFO:root:[+] Молекула HXMTAM24(C6 D12 N4)

INFO:root:[[ 0.5  0.5  0.5]
 [ 0.5 -0.5 -0.5]
 [-0.5 -0.5  0.5]
 [-0.5  0.5 -0.5]
 [ 1.   1.   1. ]
 [ 1.   0.   0. ]
 [ 0.   0.   1. ]
 [ 0.   1.   0. ]]
INFO:root:[+] d=[-0.75, -1.0, -1.125]
INFO:root:[+] Упаковка не найдена
INFO:root:[+] Молекула HXMTAM39(C6 D12 N4)

INFO:root:[[ 0.5  0.5  0.5]
 [ 1.   1.   1. ]
 [ 0.5 -0.5 -0.5]
 [ 1.   0.   0. ]
 [-0.5 -0.5  0.5]
 [ 0.   0.   1. ]
 [-0.5  0.5 -0.5]
 [ 0.   1.   0. ]]
INFO:root:[+] d=[-0.75, -1.0, -1.125]
INFO:root:[+] Упаковка не найдена
INFO:root:[+] Молекула HXMTAM37(C6 D12 N4)

INFO:root:[[ 0.5  0.5  0.5]
 [ 1.   1.   1. ]
 [ 0.5 -0.5 -0.5]
 [ 1.   0.   0. ]
 [-0.5 -0.5  0.5]
 [ 0.   0.   1. ]
 [-0.5  0.5 -0.5]
 [ 0.   1.   0. ]]
INFO:root:[+] d=[-0.75, -1.0, -1.125]
INFO:root:[+] Упаковка не найдена
INFO:root:[+] Молекула HXMTAM38(C6 D12 N4)

INFO:root:[[ 0.5  0.5  0.5]
 [ 1.   1.   1. ]
 [ 0.5 -0.5 -0.5]
 [ 1.   0.   0. ]
 [-0.5 -0.5  0.5]
 [ 0.   0.   1. ]
 [-0.5  0.5 -0.5]
 [ 0.   1.   0. ]]
INFO:root:[+] d=[-0.75, -1.0, -1.125]
INFO:root:[+] Упаковка не найдена
INFO:root:[+] Молекула HXMTAM40(C6 D12 N4)

INFO:root:[[ 0.5  0.5  0.5]
 [ 1.   1.   1. ]
 [ 0.5 -0.5 -0.5]
 [ 1.   0.   0. ]
 [-0.5 -0.5  0.5]
 [ 0.   0.   1. ]
 [-0.5  0.5 -0.5]
 [ 0.   1.   0. ]]
INFO:root:[+] d=[-0.75, -1.0, -1.125]
INFO:root:[+] Упаковка не найдена
INFO:root:[+] Молекула HXMTAM41(C6 D12 N4)

INFO:root:[[ 0.5  0.5  0.5]
 [ 1.   1.   1. ]
 [ 0.5 -0.5 -0.5]
 [ 1.   0.   0. ]
 [-0.5 -0.5  0.5]
 [ 0.   0.   1. ]
 [-0.5  0.5 -0.5]
 [ 0.   1.   0. ]]
INFO:root:[+] d=[-0.75, -1.0, -1.125]
INFO:root:[+] Упаковка не найдена
INFO:root:[+] Молекула HXMTAM42(C6 H12 N4)

INFO:root:[[ 0.5  0.5  0.5]
 [ 1.   1.   1. ]
 [ 0.5 -0.5 -0.5]
 [ 1.   0.   0. ]
 [-0.5 -0.5  0.5]
 [ 0.   0.   1. ]
 [-0.5  0.5 -0.5]
 [ 0.   1.   0. ]]
INFO:root:[+] d=[-0.75, -1.0, -1.125]
INFO:root:[+] Упаковка не найдена
INFO:root:[+] Молекула HXMTAM44(C6 H12 N4)

INFO:root:[[ 0.5  0.5  0.5]
 [ 1.   1.   1. ]
 [ 0.5 -0.5 -0.5]
 [ 1.   0.   0. ]
 [-0.5 -0.5  0.5]
 [ 0.   0.   1. ]
 [-0.5  0.5 -0.5]
 [ 0.   1.   0. ]]
INFO:root:[+] d=[-0.75, -1.0, -1.125]
INFO:root:[+] Упаковка не найдена
INFO:root:[+] Молекула HXMTAM46(C6 H12 N4)

INFO:root:[[ 0.5  0.5  0.5]
 [ 1.   1.   1. ]
 [ 0.5 -0.5 -0.5]
 [ 1.   0.   0. ]
 [-0.5 -0.5  0.5]
 [ 0.   0.   1. ]
 [-0.5  0.5 -0.5]
 [ 0.   1.   0. ]]
INFO:root:[+] d=[-0.75, -1.0, -1.125]
INFO:root:[+] Упаковка не найдена
INFO:root:[+] Молекула HXMTAM45(C6 H12 N4)

INFO:root:[[ 0.5  0.5  0.5]
 [ 1.   1.   1. ]
 [ 0.5 -0.5 -0.5]
 [ 1.   0.   0. ]
 [-0.5 -0.5  0.5]
 [ 0.   0.   1. ]
 [-0.5  0.5 -0.5]
 [ 0.   1.   0. ]]
INFO:root:[+] d=[-0.75, -1.0, -1.125]
INFO:root:[+] Упаковка не найдена
INFO:root:[+] Молекула HXMTAM47(C6 H12 N4)

INFO:root:[[ 0.5  0.5  0.5]
 [ 1.   1.   1. ]
 [ 0.5 -0.5 -0.5]
 [ 1.   0.   0. ]
 [-0.5 -0.5  0.5]
 [ 0.   0.   1. ]
 [-0.5  0.5 -0.5]
 [ 0.   1.   0. ]]
INFO:root:[+] d=[-0.75, -1.0, -1.125]
INFO:root:[+] Упаковка не найдена
INFO:root:[+] Молекула HXMTAM48(C6 H12 N4)

INFO:root:[[ 0.5  0.5  0.5]
 [ 1.   1.   1. ]
 [ 0.5 -0.5 -0.5]
 [ 1.   0.   0. ]
 [-0.5 -0.5  0.5]
 [ 0.   0.   1. ]
 [-0.5  0.5 -0.5]
 [ 0.   1.   0. ]]
INFO:root:[+] d=[-0.75, -1.0, -1.125]
INFO:root:[+] Упаковка не найдена
INFO:root:[+] Молекула HXMTAM49(C6 H12 N4)

INFO:root:[[ 0.5  0.5  0.5]
 [ 1.   1.   1. ]
 [ 0.5 -0.5 -0.5]
 [ 1.   0.   0. ]
 [-0.5 -0.5  0.5]
 [ 0.   0.   1. ]
 [-0.5  0.5 -0.5]
 [ 0.   1.   0. ]]
INFO:root:[+] d=[-0.75, -1.0, -1.125]
INFO:root:[+] Упаковка не найдена
INFO:root:[+] Молекула HXMTAM51(C6 H12 N4)

INFO:root:[[ 0.5  0.5  0.5]
 [ 1.   1.   1. ]
 [ 0.5 -0.5 -0.5]
 [ 1.   0.   0. ]
 [-0.5 -0.5  0.5]
 [ 0.   0.   1. ]
 [-0.5  0.5 -0.5]
 [ 0.   1.   0. ]]
INFO:root:[+] d=[-0.75, -1.0, -1.125]
INFO:root:[+] Упаковка не найдена
INFO:root:[+] Молекула HXMTAM50(C6 H12 N4)

INFO:root:[[ 0.5  0.5  0.5]
 [ 1.   1.   1. ]
 [ 0.5 -0.5 -0.5]
 [ 1.   0.   0. ]
 [-0.5 -0.5  0.5]
 [ 0.   0.   1. ]
 [-0.5  0.5 -0.5]
 [ 0.   1.   0. ]]
INFO:root:[+] d=[-0.75, -1.0, -1.125]
INFO:root:[+] Упаковка не найдена
INFO:root:[+] Молекула HXMTAM52(C6 H12 N4)

INFO:root:[[ 0.5  0.5  0.5]
 [ 1.   1.   1. ]
 [ 0.5 -0.5 -0.5]
 [ 1.   0.   0. ]
 [-0.5 -0.5  0.5]
 [ 0.   0.   1. ]
 [-0.5  0.5 -0.5]
 [ 0.   1.   0. ]]
INFO:root:[+] d=[-0.75, -1.0, -1.125]
INFO:root:[+] Упаковка не найдена
INFO:root:[+] Молекула HXMTAM53(C6 H12 N4)

INFO:root:[[ 0.5  0.5  0.5]
 [ 1.   1.   1. ]
 [ 0.5 -0.5 -0.5]
 [ 1.   0.   0. ]
 [-0.5 -0.5  0.5]
 [ 0.   0.   1. ]
 [-0.5  0.5 -0.5]
 [ 0.   1.   0. ]]
INFO:root:[+] d=[-0.75, -1.0, -1.125]
INFO:root:[+] Упаковка не найдена
INFO:root:[+] Молекула HXMTAM54(C6 H12 N4)

INFO:root:[[ 0.5  0.5  0.5]
 [ 1.   1.   1. ]
 [ 0.5 -0.5 -0.5]
 [ 1.   0.   0. ]
 [-0.5 -0.5  0.5]
 [ 0.   0.   1. ]
 [-0.5  0.5 -0.5]
 [ 0.   1.   0. ]]
INFO:root:[+] d=[-0.75, -1.0, -1.125]
INFO:root:[+] Упаковка не найдена
INFO:root:[+] Молекула HXMTAM55(C6 H12 N4)

INFO:root:[[ 0.5  0.5  0.5]
 [ 1.   1.   1. ]
 [ 0.5 -0.5 -0.5]
 [ 1.   0.   0. ]
 [-0.5 -0.5  0.5]
 [ 0.   0.   1. ]
 [-0.5  0.5 -0.5]
 [ 0.   1.   0. ]]
INFO:root:[+] d=[-0.75, -1.0, -1.125]
INFO:root:[+] Упаковка не найдена
INFO:root:[+] Молекула HXMTAM56(C6 H12 N4)

INFO:root:[[ 0.5  0.5  0.5]
 [ 1.   1.   1. ]
 [ 0.5 -0.5 -0.5]
 [ 1.   0.   0. ]
 [-0.5 -0.5  0.5]
 [ 0.   0.   1. ]
 [-0.5  0.5 -0.5]
 [ 0.   1.   0. ]]
INFO:root:[+] d=[-0.75, -1.0, -1.125]
INFO:root:[+] Упаковка не найдена
INFO:root:[+] Молекула HXMTAM57(C6 H12 N4)

INFO:root:[[ 0.5  0.5  0.5]
 [ 1.   1.   1. ]
 [ 0.5 -0.5 -0.5]
 [ 1.   0.   0. ]
 [-0.5 -0.5  0.5]
 [ 0.   0.   1. ]
 [-0.5  0.5 -0.5]
 [ 0.   1.   0. ]]
INFO:root:[+] d=[-0.75, -1.0, -1.125]
INFO:root:[+] Упаковка не найдена
INFO:root:[+] Молекула METHLI01(C1 D3)

INFO:root:[[ 0.296875  0.296875  0.296875]
 [ 0.796875  0.796875  0.796875]
 [-0.296875  0.296875 -0.296875]
 [ 0.203125  0.796875  0.203125]
 [ 0.296875 -0.296875 -0.296875]
 [ 0.796875  0.203125  0.203125]
 [-0.296875 -0.296875  0.296875]
 [ 0.203125  0.203125  0.796875]]
INFO:root:[+] d=[-0.546875, -0.59375, -0.8203125]
INFO:root:[+] Упаковка не найдена
INFO:root:[+] Молекула METHLI02(C1 D3)

INFO:root:[[ 0.300275  0.300275  0.300275]
 [ 0.800275  0.800275  0.800275]
 [-0.300275  0.300275 -0.300275]
 [ 0.199725  0.800275  0.199725]
 [ 0.300275 -0.300275 -0.300275]
 [ 0.800275  0.199725  0.199725]
 [-0.300275 -0.300275  0.300275]
 [ 0.199725  0.199725  0.800275]]
INFO:root:[+] d=[-0.5502750000000001, -0.6005500000000001, -0.8254125000000001]
INFO:root:[+] Упаковка не найдена
INFO:root:[+] Молекула MAGXIF(C6 H12 N4)

INFO:root:[[ 0.5  0.5  0.5]
 [ 1.   1.   1. ]
 [ 0.5 -0.5 -0.5]
 [ 1.   0.   0. ]
 [-0.5 -0.5  0.5]
 [ 0.   0.   1. ]
 [-0.5  0.5 -0.5]
 [ 0.   1.   0. ]]
INFO:root:[+] d=[-0.75, -1.0, -1.125]
INFO:root:[+] Упаковка не найдена
INFO:root:[+] Молекула NENVUY(C12 Ge8 N4)

INFO:root:[[ 0.5  0.5  0.5]
 [-0.5 -0.5  0.5]
 [-0.5  0.5 -0.5]
 [ 0.5 -0.5 -0.5]
 [ 1.   1.   1. ]
 [ 0.   0.   1. ]
 [ 0.   1.   0. ]
 [ 1.   0.   0. ]]
INFO:root:[+] d=[-0.75, -1.0, -1.125]
INFO:root:[+] Упаковка не найдена
INFO:root:[+] Молекула MESIAD(As4 C12 H36 Si6)

INFO:root:[[ 0.5  0.5  0.5]
 [ 1.   1.   1. ]
 [-0.5  0.5 -0.5]
 [ 0.   1.   0. ]
 [ 0.5 -0.5 -0.5]
 [ 1.   0.   0. ]
 [-0.5 -0.5  0.5]
 [ 0.   0.   1. ]]
INFO:root:[+] d=[-0.75, -1.0, -1.125]
INFO:root:[+] Упаковка не найдена
INFO:root:[+] Молекула CADXOU(Ag2 C6 H12 O6)

INFO:root:[[ 0.   0.   0. ]
 [ 0.5  0.5  0.5]
 [-0.   0.5  0.5]
 [ 0.5  0.  -0. ]
 [ 0.5 -0.   0.5]
 [-0.   0.5  0. ]
 [ 0.5  0.5 -0. ]
 [ 0.  -0.   0.5]]
INFO:root:[+] d=[-0.5, -0.5, -0.5]
INFO:root:[+] Упаковка не найдена
INFO:root:[+] Молекула CIXYEO(C82 Co2 H78 P6 Se1)

INFO:root:[[ 0.   0.   0. ]
 [ 0.5  0.5  0.5]
 [ 0.5 -0.   0.5]
 [-0.   0.5  0.5]
 [ 0.5  0.5 -0. ]
 [-0.   0.5  0. ]
 [ 0.5  0.  -0. ]
 [ 0.  -0.   0.5]]
INFO:root:[+] d=[-0.5, -0.5, -0.5]
INFO:root:[+] Упаковка не найдена
INFO:root:[+] Молекула AMECUA(C6 Cu1 N5)

INFO:root:[[ 0.247892  0.247892  0.247892]
 [ 0.747892  0.252108 -0.247892]
 [-0.247892  0.747892  0.252108]
 [ 0.252108 -0.247892  0.747892]]
INFO:root:[+] Упаковка не найдена
INFO:root:[+] Молекула AMECUA(Cl1 O4)

INFO:root:[[ 0.76032  0.76032  0.76032]
 [ 1.26032 -0.26032 -0.76032]
 [-0.76032  1.26032 -0.26032]
 [-0.26032 -0.76032  1.26032]]
INFO:root:[+] Упаковка не найдена
INFO:root:[+] Молекула AMECUA(Cl1 O4)

INFO:root:[[ 0.5432  0.5432  0.5432]
 [ 1.0432 -0.0432 -0.5432]
 [-0.5432  1.0432 -0.0432]
 [-0.0432 -0.5432  1.0432]]
INFO:root:[+] Упаковка не найдена
INFO:root:[+] Молекула ARUNOT(Cl2 Cu1)

INFO:root:[[ 0.37449  0.37449  0.37449]
 [ 0.12551 -0.37449  0.87449]
 [ 0.87449  0.12551 -0.37449]
 [-0.37449  0.87449  0.12551]]
INFO:root:[+] Упаковка не найдена
INFO:root:[+] Молекула BEMQUF(B1 C6 H15 N2)

INFO:root:[[ 0.0102  0.0102  0.0102]
 [ 0.4898 -0.0102  0.5102]
 [ 0.5102  0.4898 -0.0102]
 [-0.0102  0.5102  0.4898]]
INFO:root:[+] Упаковка не найдена
INFO:root:[+] Молекула BIKJEK(C14 Co1 N4 S3)

INFO:root:[[ 0.70665  0.70665  0.70665]
 [ 1.20665 -0.20665 -0.70665]
 [-0.70665  1.20665 -0.20665]
 [-0.20665 -0.70665  1.20665]]
INFO:root:[+] Упаковка не найдена
INFO:root:[+] Молекула BIKJEK(Cl4 Zn1)

INFO:root:[[ 0.297686  0.297686  0.297686]
 [ 0.797686  0.202314 -0.297686]
 [-0.297686  0.797686  0.202314]
 [ 0.202314 -0.297686  0.797686]]
INFO:root:[+] Упаковка не найдена
INFO:root:[+] Молекула BATVID(C27 H39 N1 O1 U1)

INFO:root:[[ 0.239514  0.239514  0.239514]
 [ 0.260486 -0.239514  0.739514]
 [ 0.739514  0.260486 -0.239514]
 [-0.239514  0.739514  0.260486]]
INFO:root:[+] Упаковка не найдена
INFO:root:[+] Молекула AVUTAM(Au1 B1 C33 H37 N6 P1)

INFO:root:[[ 0.928284  0.928284  0.928284]
 [-0.428284 -0.928284  1.428284]
 [ 1.428284 -0.428284 -0.928284]
 [-0.928284  1.428284 -0.428284]]
INFO:root:[+] Упаковка не найдена
INFO:root:[+] Молекула BURVOC(C6 H21 N4)

INFO:root:[[ 0.463078  0.463078  0.463078]
 [ 0.036922 -0.463078  0.963078]
 [-0.463078  0.963078  0.036922]
 [ 0.963078  0.036922 -0.463078]]
INFO:root:[+] Упаковка не найдена
INFO:root:[+] Молекула CEFPIM(C6 H6)

INFO:root:[[ 0.419375  0.419375  0.419375]
 [ 0.919375  0.080625 -0.419375]
 [-0.419375  0.919375  0.080625]
 [ 0.080625 -0.419375  0.919375]]
INFO:root:[+] Упаковка не найдена
INFO:root:[+] Молекула CEFPIM(C6 H6)

INFO:root:[[ 0.279617  0.279617  0.279617]
 [ 0.779617  0.220383 -0.279617]
 [-0.279617  0.779617  0.220383]
 [ 0.220383 -0.279617  0.779617]]
INFO:root:[+] Упаковка не найдена
INFO:root:[+] Молекула CORQAC(C19 H18 P1)

INFO:root:[[ 0.272824  0.272824  0.272824]
 [ 0.227176 -0.272824  0.772824]
 [ 0.772824  0.227176 -0.272824]
 [-0.272824  0.772824  0.227176]]
INFO:root:[+] Упаковка не найдена
INFO:root:[+] Молекула AVUTAM(Au1 B1 C33 H37 N6 P1)

INFO:root:[[ 0.626487  0.626487  0.626487]
 [-0.126487 -0.626487  1.126487]
 [ 1.126487 -0.126487 -0.626487]
 [-0.626487  1.126487 -0.126487]]
INFO:root:[+] Упаковка не найдена
INFO:root:[+] Молекула CEFPIM(C42 H42 N1 Ni1 P7 Se3)

INFO:root:[[ 0.045601  0.045601  0.045601]
 [ 0.545601  0.454399 -0.045601]
 [-0.045601  0.545601  0.454399]
 [ 0.454399 -0.045601  0.545601]]
INFO:root:[+] Упаковка не найдена
INFO:root:[+] Молекула DANKUZ(Cl4 Co1)

INFO:root:[[ 0.950296  0.950296  0.950296]
 [-0.450296 -0.950296  1.450296]
 [ 1.450296 -0.450296 -0.950296]
 [-0.950296  1.450296 -0.450296]]
INFO:root:[+] Упаковка не найдена
INFO:root:[+] Молекула DEMCIH(B1 C3 Cl1 F9)

INFO:root:[[ 0.488586  0.488586  0.488586]
 [ 0.011414 -0.488586  0.988586]
 [-0.488586  0.988586  0.011414]
 [ 0.988586  0.011414 -0.488586]]
INFO:root:[+] Упаковка не найдена
INFO:root:[+] Молекула DEMDUU(B1 Br1 C3 F9)

INFO:root:[[ 0.489359  0.489359  0.489359]
 [ 0.010641 -0.489359  0.989359]
 [-0.489359  0.989359  0.010641]
 [ 0.989359  0.010641 -0.489359]]
INFO:root:[+] Упаковка не найдена
INFO:root:[+] Молекула DMAECU02(Br1 C12 Cu1 H30 N4)

INFO:root:[[ 0.26309  0.26309  0.26309]
 [ 0.23691 -0.26309  0.76309]
 [-0.26309  0.76309  0.23691]
 [ 0.76309  0.23691 -0.26309]]
INFO:root:[+] Упаковка не найдена
INFO:root:[+] Молекула ELUZOA(C18 H21 N4)

INFO:root:[[ 0.363543  0.363543  0.363543]
 [ 0.136457 -0.363543  0.863543]
 [-0.363543  0.863543  0.136457]
 [ 0.863543  0.136457 -0.363543]]
INFO:root:[+] Упаковка не найдена
INFO:root:[+] Молекула ELETIZ(C30 Cu1 H39 N1 S3)

INFO:root:[[ 0.819476  0.819476  0.819476]
 [-0.319476 -0.819476  1.319476]
 [-0.819476  1.319476 -0.319476]
 [ 1.319476 -0.319476 -0.819476]]
INFO:root:[+] Упаковка не найдена
INFO:root:[+] Молекула EWEGAR(Ag3 C12 H36 N6 Rh2 S6)

INFO:root:[[ 0.86387  0.86387  0.86387]
 [ 1.36387 -0.36387 -0.86387]
 [-0.86387  1.36387 -0.36387]
 [-0.36387 -0.86387  1.36387]]
INFO:root:[+] Упаковка не найдена
INFO:root:[+] Молекула FADKOK(As3 C9 Cl6 In2 O3)

INFO:root:[[ 0.532583  0.532583  0.532583]
 [ 1.032583 -0.032583 -0.532583]
 [-0.532583  1.032583 -0.032583]
 [-0.032583 -0.532583  1.032583]]
INFO:root:[+] Упаковка не найдена
INFO:root:[+] Молекула EWEGEV(Ag3 C12 H36 N6 Rh2 S6)

INFO:root:[[ 0.136103  0.136103  0.136103]
 [ 0.636103  0.363897 -0.136103]
 [-0.136103  0.636103  0.363897]
 [ 0.363897 -0.136103  0.636103]]
INFO:root:[+] Упаковка не найдена
INFO:root:[+] Молекула FAQCAC(C1 H6 N3)

INFO:root:[[ 0.63596  0.63596  0.63596]
 [-0.13596 -0.63596  1.13596]
 [ 1.13596 -0.13596 -0.63596]
 [-0.63596  1.13596 -0.13596]]
INFO:root:[+] Упаковка не найдена
INFO:root:[+] Молекула FEGYEV(C7 H13 N1)

INFO:root:[[ 0.411586  0.411586  0.411586]
 [ 0.911586  0.088414 -0.411586]
 [-0.411586  0.911586  0.088414]
 [ 0.088414 -0.411586  0.911586]]
INFO:root:[+] Упаковка не найдена
INFO:root:[+] Молекула FEGYEV(Br4 C1)

INFO:root:[[ 0.09756  0.09756  0.09756]
 [ 0.59756  0.40244 -0.09756]
 [-0.09756  0.59756  0.40244]
 [ 0.40244 -0.09756  0.59756]]
INFO:root:[+] Упаковка не найдена
INFO:root:[+] Молекула EWEGAR(Ag3 C12 H36 N6 Rh2 S6)

INFO:root:[[ 0.388897  0.388897  0.388897]
 [ 0.888897  0.111103 -0.388897]
 [-0.388897  0.888897  0.111103]
 [ 0.111103 -0.388897  0.888897]]
INFO:root:[+] Упаковка не найдена
INFO:root:[+] Молекула FESPIC(C18 H21 N4)

INFO:root:[[-0.118179 -0.118179 -0.118179]
 [ 0.381821 -0.118179  0.381821]
 [-0.118179  0.381821  0.381821]
 [ 0.381821  0.381821 -0.118179]]
INFO:root:[+] Упаковка не найдена
INFO:root:[+] Молекула FESPIC(N1 O3)

INFO:root:[[ 0.374375  0.374375  0.374375]
 [ 0.125625 -0.374375  0.874375]
 [-0.374375  0.874375  0.125625]
 [ 0.874375  0.125625 -0.374375]]
INFO:root:[+] Упаковка не найдена
INFO:root:[+] Молекула FESPIC(O4 S1)

INFO:root:[[-0.290076 -0.290076 -0.290076]
 [ 0.209924 -0.290076  0.209924]
 [-0.290076  0.209924  0.209924]
 [ 0.209924  0.209924 -0.290076]]
INFO:root:[+] Упаковка не найдена
INFO:root:[+] Молекула EWEGEV(Ag3 C12 H36 N6 Rh2 S6)

INFO:root:[[ 0.610973  0.610973  0.610973]
 [ 1.110973 -0.110973 -0.610973]
 [-0.610973  1.110973 -0.110973]
 [-0.110973 -0.610973  1.110973]]
INFO:root:[+] Упаковка не найдена
INFO:root:[+] Молекула FUBZOR(C4 Co1 O4)

INFO:root:[[ 0.295822  0.295822  0.295822]
 [ 0.795822  0.204178 -0.295822]
 [-0.295822  0.795822  0.204178]
 [ 0.204178 -0.295822  0.795822]]
INFO:root:[+] Упаковка не найдена
INFO:root:[+] Молекула FUBZOR01(C4 Co1 O4)

INFO:root:[[ 0.288622  0.288622  0.288622]
 [ 0.788622  0.211378 -0.288622]
 [-0.288622  0.788622  0.211378]
 [ 0.211378 -0.288622  0.788622]]
INFO:root:[+] Упаковка не найдена
INFO:root:[+] Молекула FURWIY(C6 H18 Ni3 S7)

INFO:root:[[ 1.03201  1.03201  1.03201]
 [ 1.53201 -0.53201 -1.03201]
 [-1.03201  1.53201 -0.53201]
 [-0.53201 -1.03201  1.53201]]
INFO:root:[+] Упаковка не найдена
INFO:root:[+] Молекула FAQCIK(Mo1 O4)

INFO:root:[[ 0.001388  0.001388  0.001388]
 [ 0.498612 -0.001388  0.501388]
 [-0.001388  0.501388  0.498612]
 [ 0.501388  0.498612 -0.001388]]
INFO:root:[+] Упаковка не найдена
INFO:root:[+] Молекула FUYBOQ(C18 H42 N6 Ni1)

INFO:root:[[ 0.377663  0.377663  0.377663]
 [ 0.877663  0.122337 -0.377663]
 [-0.377663  0.877663  0.122337]
 [ 0.122337 -0.377663  0.877663]]
INFO:root:[+] Упаковка не найдена
INFO:root:[+] Молекула GECDIB(C15 Co1 H36 N6)

INFO:root:[[ 0.226258  0.226258  0.226258]
 [ 0.726258  0.273742 -0.226258]
 [-0.226258  0.726258  0.273742]
 [ 0.273742 -0.226258  0.726258]]
INFO:root:[+] Упаковка не найдена
INFO:root:[+] Молекула FURWIY(C4 H12 N1)

INFO:root:[[ 0.207147  0.207147  0.207147]
 [ 0.707147  0.292853 -0.207147]
 [-0.207147  0.707147  0.292853]
 [ 0.292853 -0.207147  0.707147]]
INFO:root:[+] Упаковка не найдена
INFO:root:[+] Молекула GEWNAX(C6 Co1 H18 N6 S3)

INFO:root:[[ 0.0491626  0.0491626  0.0491626]
 [ 0.5491626  0.4508374 -0.0491626]
 [-0.0491626  0.5491626  0.4508374]
 [ 0.4508374 -0.0491626  0.5491626]]
INFO:root:[+] Упаковка не найдена
INFO:root:[+] Молекула FURWIY(C4 H12 N1)

INFO:root:[[ 0.473076  0.473076  0.473076]
 [ 0.973076  0.026924 -0.473076]
 [-0.473076  0.973076  0.026924]
 [ 0.026924 -0.473076  0.973076]]
INFO:root:[+] Упаковка не найдена
INFO:root:[+] Молекула GAXSUT(C12 Cu1 H36 P4)

INFO:root:[[ 0.0406928  0.0406928  0.0406928]
 [ 0.5406928  0.4593072 -0.0406928]
 [-0.0406928  0.5406928  0.4593072]
 [ 0.4593072 -0.0406928  0.5406928]]
INFO:root:[+] Упаковка не найдена
INFO:root:[+] Молекула GAXSUT(C2 Cu1)

INFO:root:[[ 0.362633  0.362633  0.362633]
 [ 0.862633  0.137367 -0.362633]
 [-0.362633  0.862633  0.137367]
 [ 0.137367 -0.362633  0.862633]]
INFO:root:[+] Упаковка не найдена
INFO:root:[+] Молекула GESHOB(Bi1 C36 H81 O9 S3 Si3)

INFO:root:[[ 0.768101  0.768101  0.768101]
 [-0.268101 -0.768101  1.268101]
 [ 1.268101 -0.268101 -0.768101]
 [-0.768101  1.268101 -0.268101]]
INFO:root:[+] Упаковка не найдена
INFO:root:[+] Молекула HIWQEJ(As1 F6)

INFO:root:[[ 0.885571  0.885571  0.885571]
 [-0.385571 -0.885571  1.385571]
 [-0.885571  1.385571 -0.385571]
 [ 1.385571 -0.385571 -0.885571]]
INFO:root:[+] Упаковка не найдена
INFO:root:[+] Молекула HUKTUC(B1 C12 H9 O3)

INFO:root:[[ 0.530958  0.530958  0.530958]
 [-0.030958 -0.530958  1.030958]
 [-0.530958  1.030958 -0.030958]
 [ 1.030958 -0.030958 -0.530958]]
INFO:root:[+] Упаковка не найдена
INFO:root:[+] Молекула IBIXIA(Cl4 Mn1)

INFO:root:[[-0.058728 -0.058728 -0.058728]
 [ 0.441272 -0.058728  0.441272]
 [-0.058728  0.441272  0.441272]
 [ 0.441272  0.441272 -0.058728]]
INFO:root:[+] Упаковка не найдена
INFO:root:[+] Молекула IBIXIA01(C19 H18 P1)

INFO:root:[[ 0.813057  0.813057  0.813057]
 [-0.313057 -0.813057  1.313057]
 [-0.813057  1.313057 -0.313057]
 [ 1.313057 -0.313057 -0.813057]]
INFO:root:[+] Упаковка не найдена
INFO:root:[+] Молекула ITESEG(B1 F4)

INFO:root:[[ 0.43242  0.43242  0.43242]
 [ 0.06758 -0.43242  0.93242]
 [ 0.93242  0.06758 -0.43242]
 [-0.43242  0.93242  0.06758]]
INFO:root:[+] Упаковка не найдена
INFO:root:[+] Молекула ITAWAC(C1 Cl3 H1)

INFO:root:[[ 0.129354  0.129354  0.129354]
 [ 0.629354  0.370646 -0.129354]
 [-0.129354  0.629354  0.370646]
 [ 0.370646 -0.129354  0.629354]]
INFO:root:[+] Упаковка не найдена
INFO:root:[+] Молекула HAVTAC(C54 Fe1 H66 N7 O1)

INFO:root:[[ 0.246529  0.246529  0.246529]
 [ 0.253471 -0.246529  0.746529]
 [-0.246529  0.746529  0.253471]
 [ 0.746529  0.253471 -0.246529]]
INFO:root:[+] Упаковка не найдена
INFO:root:[+] Молекула JIHDUZ(C6 H16 N4 P1)

INFO:root:[[ 0.603448  0.603448  0.603448]
 [ 1.103448 -0.103448 -0.603448]
 [-0.603448  1.103448 -0.103448]
 [-0.103448 -0.603448  1.103448]]
INFO:root:[+] Упаковка не найдена
INFO:root:[+] Молекула JENWOR(Au1 C15 Cl1 H39 N4 P1 Si3 W1)

INFO:root:[[ 0.414931  0.414931  0.414931]
 [ 0.085069 -0.414931  0.914931]
 [-0.414931  0.914931  0.085069]
 [ 0.914931  0.085069 -0.414931]]
INFO:root:[+] Упаковка не найдена
INFO:root:[+] Молекула JOFFAL(C18 Cl3 Ru2)

INFO:root:[[ 0.240042  0.240042  0.240042]
 [ 0.740042  0.259958 -0.240042]
 [-0.240042  0.740042  0.259958]
 [ 0.259958 -0.240042  0.740042]]
INFO:root:[+] Упаковка не найдена
INFO:root:[+] Молекула JOFFAL(B1 F4)

INFO:root:[[ 0.75532  0.75532  0.75532]
 [ 1.25532 -0.25532 -0.75532]
 [-0.75532  1.25532 -0.25532]
 [-0.25532 -0.75532  1.25532]]
INFO:root:[+] Упаковка не найдена
INFO:root:[+] Молекула JURGUA(C30 H36 N3)

INFO:root:[[-0.321114 -0.321114 -0.321114]
 [ 0.178886 -0.321114  0.178886]
 [ 0.178886  0.178886 -0.321114]
 [-0.321114  0.178886  0.178886]]
INFO:root:[+] Упаковка не найдена
INFO:root:[+] Молекула KOFFAM01(C18 H21 N4)

INFO:root:[[ 0.631525  0.631525  0.631525]
 [-0.131525 -0.631525  1.131525]
 [ 1.131525 -0.131525 -0.631525]
 [-0.631525  1.131525 -0.131525]]
INFO:root:[+] Упаковка не найдена
INFO:root:[+] Молекула KOFFAM01(Cl1 O4)

INFO:root:[[ 0.784398  0.784398  0.784398]
 [-0.284398 -0.784398  1.284398]
 [ 1.284398 -0.284398 -0.784398]
 [-0.784398  1.284398 -0.284398]]
INFO:root:[+] Упаковка не найдена
INFO:root:[+] Молекула KOFFAM01(Cl1 O4)

INFO:root:[[ 0.409622  0.409622  0.409622]
 [ 0.090378 -0.409622  0.909622]
 [ 0.909622  0.090378 -0.409622]
 [-0.409622  0.909622  0.090378]]
INFO:root:[+] Упаковка не найдена
INFO:root:[+] Молекула KOFFAM01(Cl1 O4)

INFO:root:[[ 0.094594  0.094594  0.094594]
 [ 0.405406 -0.094594  0.594594]
 [ 0.594594  0.405406 -0.094594]
 [-0.094594  0.594594  0.405406]]
INFO:root:[+] Упаковка не найдена
INFO:root:[+] Молекула JURHUB(C33 H39 N3)

INFO:root:[[-0.419276 -0.419276 -0.419276]
 [ 0.080724 -0.419276  0.080724]
 [ 0.080724  0.080724 -0.419276]
 [-0.419276  0.080724  0.080724]]
INFO:root:[+] Упаковка не найдена
INFO:root:[+] Молекула LAVROP01(C21 H45 N3 Ni1 O3)

INFO:root:[[ 0.685516  0.685516  0.685516]
 [-0.185516 -0.685516  1.185516]
 [ 1.185516 -0.185516 -0.685516]
 [-0.685516  1.185516 -0.185516]]
INFO:root:[+] Упаковка не найдена
INFO:root:[+] Молекула LAVROP02(C21 H45 N3 Ni1 O3)

INFO:root:[[ 0.685711  0.685711  0.685711]
 [-0.185711 -0.685711  1.185711]
 [ 1.185711 -0.185711 -0.685711]
 [-0.685711  1.185711 -0.185711]]
INFO:root:[+] Упаковка не найдена
INFO:root:[+] Молекула LAVROP01(F6 P1)

INFO:root:[[ 0.478796  0.478796  0.478796]
 [ 0.021204 -0.478796  0.978796]
 [ 0.978796  0.021204 -0.478796]
 [-0.478796  0.978796  0.021204]]
INFO:root:[+] Упаковка не найдена
INFO:root:[+] Молекула LAVROP01(N1 O3)

INFO:root:[[ 0.111625  0.111625  0.111625]
 [ 0.388375 -0.111625  0.611625]
 [ 0.611625  0.388375 -0.111625]
 [-0.111625  0.611625  0.388375]]
INFO:root:[+] Упаковка не найдена
INFO:root:[+] Молекула LAVROP02(F6 P1)

INFO:root:[[ 0.478791  0.478791  0.478791]
 [ 0.021209 -0.478791  0.978791]
 [ 0.978791  0.021209 -0.478791]
 [-0.478791  0.978791  0.021209]]
INFO:root:[+] Упаковка не найдена
INFO:root:[+] Молекула LAVROP02(N1 O3)

INFO:root:[[ 0.111643  0.111643  0.111643]
 [ 0.388357 -0.111643  0.611643]
 [ 0.611643  0.388357 -0.111643]
 [-0.111643  0.611643  0.388357]]
INFO:root:[+] Упаковка не найдена
INFO:root:[+] Молекула KURTIA01(C12 Cu1 H36 P4)

INFO:root:[[ 0.543779  0.543779  0.543779]
 [-0.043779 -0.543779  1.043779]
 [ 1.043779 -0.043779 -0.543779]
 [-0.543779  1.043779 -0.043779]]
INFO:root:[+] Упаковка не найдена
INFO:root:[+] Молекула KURTIA01(Cl2 Cu1)

INFO:root:[[ 0.86648  0.86648  0.86648]
 [-0.36648 -0.86648  1.36648]
 [ 1.36648 -0.36648 -0.86648]
 [-0.86648  1.36648 -0.36648]]
INFO:root:[+] Упаковка не найдена
INFO:root:[+] Молекула KURTIA(C12 Cu1 H36 P4)

INFO:root:[[ 0.0440566  0.0440566  0.0440566]
 [ 0.5440566  0.4559434 -0.0440566]
 [-0.0440566  0.5440566  0.4559434]
 [ 0.4559434 -0.0440566  0.5440566]]
INFO:root:[+] Упаковка не найдена
INFO:root:[+] Молекула KURTIA(Cl2 Cu1)

INFO:root:[[ 0.366933  0.366933  0.366933]
 [ 0.866933  0.133067 -0.366933]
 [-0.366933  0.866933  0.133067]
 [ 0.133067 -0.366933  0.866933]]
INFO:root:[+] Упаковка не найдена
INFO:root:[+] Молекула LAVROP03(C21 H45 N3 Ni1 O3)

INFO:root:[[ 0.686167  0.686167  0.686167]
 [-0.186167 -0.686167  1.186167]
 [ 1.186167 -0.186167 -0.686167]
 [-0.686167  1.186167 -0.186167]]
INFO:root:[+] Упаковка не найдена
INFO:root:[+] Молекула LAVROP03(N1 O3)

INFO:root:[[ 0.111693  0.111693  0.111693]
 [ 0.388307 -0.111693  0.611693]
 [ 0.611693  0.388307 -0.111693]
 [-0.111693  0.611693  0.388307]]
INFO:root:[+] Упаковка не найдена
INFO:root:[+] Молекула LAVROP03(F6 P1)

INFO:root:[[ 0.478725  0.478725  0.478725]
 [ 0.021275 -0.478725  0.978725]
 [ 0.978725  0.021275 -0.478725]
 [-0.478725  0.978725  0.021275]]
INFO:root:[+] Упаковка не найдена
INFO:root:[+] Молекула OBENIT(C9 H12 O9 Ti1)

INFO:root:[[-0.111592 -0.111592 -0.111592]
 [ 0.388408  0.388408 -0.111592]
 [-0.111592  0.388408  0.388408]
 [ 0.388408 -0.111592  0.388408]]
INFO:root:[+] Упаковка не найдена
INFO:root:[+] Молекула NAUACE01(C6 H9 O8 U1)

INFO:root:[[ 0.435115  0.435115  0.435115]
 [ 0.935115  0.064885 -0.435115]
 [-0.435115  0.935115  0.064885]
 [ 0.064885 -0.435115  0.935115]]
INFO:root:[+] Упаковка не найдена
INFO:root:[+] Молекула OBENIT(H4 N1)

INFO:root:[[-0.273 -0.273 -0.273]
 [ 0.227  0.227 -0.273]
 [-0.273  0.227  0.227]
 [ 0.227 -0.273  0.227]]
INFO:root:[+] Упаковка не найдена
INFO:root:[+] Молекула NEZNUC(C6 Eu1 F18 H6 N3 O15 S6)

INFO:root:[[ 0.447722  0.447722  0.447722]
 [ 0.947722  0.052278 -0.447722]
 [-0.447722  0.947722  0.052278]
 [ 0.052278 -0.447722  0.947722]]
INFO:root:[+] Упаковка не найдена
INFO:root:[+] Молекула NEZNUC(C6 Eu1 F18 H6 N3 O15 S6)

INFO:root:[[ 0.200971  0.200971  0.200971]
 [ 0.700971  0.299029 -0.200971]
 [-0.200971  0.700971  0.299029]
 [ 0.299029 -0.200971  0.700971]]
INFO:root:[+] Упаковка не найдена
INFO:root:[+] Молекула OJUGIL(F6 P1)

INFO:root:[[ 0.0954086  0.0954086  0.0954086]
 [ 0.4045914 -0.0954086  0.5954086]
 [-0.0954086  0.5954086  0.4045914]
 [ 0.5954086  0.4045914 -0.0954086]]
INFO:root:[+] Упаковка не найдена
INFO:root:[+] Молекула PAJTAY(Br1 C18 Co1 H18 N4)

INFO:root:[[ 0.362747  0.362747  0.362747]
 [ 0.137253 -0.362747  0.862747]
 [-0.362747  0.862747  0.137253]
 [ 0.862747  0.137253 -0.362747]]
INFO:root:[+] Упаковка не найдена
INFO:root:[+] Молекула OKIPOP(B1 F4)

INFO:root:[[ 0.1638  0.1638  0.1638]
 [ 0.3362 -0.1638  0.6638]
 [ 0.6638  0.3362 -0.1638]
 [-0.1638  0.6638  0.3362]]
INFO:root:[+] Упаковка не найдена
INFO:root:[+] Молекула POHCOE(C6 H18 O1 Sb3)

INFO:root:[[ 0.435332  0.435332  0.435332]
 [ 0.935332  0.064668 -0.435332]
 [-0.435332  0.935332  0.064668]
 [ 0.064668 -0.435332  0.935332]]
INFO:root:[+] Упаковка не найдена
INFO:root:[+] Молекула PEMMEB(F6 P1)

INFO:root:[[ 0.0913786  0.0913786  0.0913786]
 [ 0.4086214 -0.0913786  0.5913786]
 [ 0.5913786  0.4086214 -0.0913786]
 [-0.0913786  0.5913786  0.4086214]]
INFO:root:[+] Упаковка не найдена
INFO:root:[+] Молекула QAMBAI(C18 Cl1 Co1 H18 N4)

INFO:root:[[ 0.137476  0.137476  0.137476]
 [ 0.362524 -0.137476  0.637476]
 [-0.137476  0.637476  0.362524]
 [ 0.637476  0.362524 -0.137476]]
INFO:root:[+] Упаковка не найдена
INFO:root:[+] Молекула QAMBAI01(C18 Cl1 Co1 H18 N4)

INFO:root:[[ 0.362525  0.362525  0.362525]
 [ 0.137475 -0.362525  0.862525]
 [-0.362525  0.862525  0.137475]
 [ 0.862525  0.137475 -0.362525]]
INFO:root:[+] Упаковка не найдена
INFO:root:[+] Молекула QOSVEZ(C9 H27 N4)

INFO:root:[[ 0.70835  0.70835  0.70835]
 [ 1.20835 -0.20835 -0.70835]
 [-0.70835  1.20835 -0.20835]
 [-0.20835 -0.70835  1.20835]]
INFO:root:[+] Упаковка не найдена
INFO:root:[+] Молекула QUZKAA(Br1 C21 H36 Mg1 N6)

INFO:root:[[ 0.600967  0.600967  0.600967]
 [-0.100967 -0.600967  1.100967]
 [-0.600967  1.100967 -0.100967]
 [ 1.100967 -0.100967 -0.600967]]
INFO:root:[+] Упаковка не найдена
INFO:root:[+] Молекула PUWPIJ(C69 Ce1 H69 N6)

INFO:root:[[ 0.766115  0.766115  0.766115]
 [-0.266115 -0.766115  1.266115]
 [-0.766115  1.266115 -0.266115]
 [ 1.266115 -0.266115 -0.766115]]
INFO:root:[+] Упаковка не найдена
INFO:root:[+] Молекула RETNIN(C3 H9 Li1 N1)

INFO:root:[[ 0.11115  0.11115  0.11115]
 [ 0.38885 -0.11115  0.61115]
 [ 0.61115  0.38885 -0.11115]
 [-0.11115  0.61115  0.38885]]
INFO:root:[+] Упаковка не найдена
INFO:root:[+] Молекула RETNIN(C7 H21 W1)

INFO:root:[[ 0.367624  0.367624  0.367624]
 [ 0.132376 -0.367624  0.867624]
 [ 0.867624  0.132376 -0.367624]
 [-0.367624  0.867624  0.132376]]
INFO:root:[+] Упаковка не найдена
INFO:root:[+] Молекула RARCAP(C6 F18 H6 La1 N3 O15 S6)

INFO:root:[[ 0.0471853  0.0471853  0.0471853]
 [ 0.4528147 -0.0471853  0.5471853]
 [-0.0471853  0.5471853  0.4528147]
 [ 0.5471853  0.4528147 -0.0471853]]
INFO:root:[+] Упаковка не найдена
INFO:root:[+] Молекула RUTREF(C15 H12 N3 O3 S3 Si1)

INFO:root:[[ 0.472717  0.472717  0.472717]
 [ 0.027283 -0.472717  0.972717]
 [-0.472717  0.972717  0.027283]
 [ 0.972717  0.027283 -0.472717]]
INFO:root:[+] Упаковка не найдена
INFO:root:[+] Молекула RUTREF(C1 Cl3 D1)

INFO:root:[[ 0.303998  0.303998  0.303998]
 [ 0.196002 -0.303998  0.803998]
 [-0.303998  0.803998  0.196002]
 [ 0.803998  0.196002 -0.303998]]
INFO:root:[+] Упаковка не найдена
INFO:root:[+] Молекула SAFCOV(C12 H30 I1 N4 Zn1)

INFO:root:[[ 0.263257  0.263257  0.263257]
 [ 0.236743 -0.263257  0.763257]
 [ 0.763257  0.236743 -0.263257]
 [-0.263257  0.763257  0.236743]]
INFO:root:[+] Упаковка не найдена
INFO:root:[+] Молекула SIFXIQ(Br1 C12 H30 Mg1 N4)

INFO:root:[[ 0.48557  0.48557  0.48557]
 [ 0.01443 -0.48557  0.98557]
 [ 0.98557  0.01443 -0.48557]
 [-0.48557  0.98557  0.01443]]
INFO:root:[+] Упаковка не найдена
INFO:root:[+] Молекула TANYEM(C3 Fe1 N1 O4)

INFO:root:[[ 0.543829  0.543829  0.543829]
 [ 1.043829 -0.043829 -0.543829]
 [-0.543829  1.043829 -0.043829]
 [-0.043829 -0.543829  1.043829]]
INFO:root:[+] Упаковка не найдена
INFO:root:[+] Молекула SEWBUS(Cl1 O4)

INFO:root:[[ 0.919412  0.919412  0.919412]
 [-0.419412 -0.919412  1.419412]
 [-0.919412  1.419412 -0.419412]
 [ 1.419412 -0.419412 -0.919412]]
INFO:root:[+] Упаковка не найдена
INFO:root:[+] Молекула TIXGOY(C6 H18 I4 O6 Zn4)

INFO:root:[[ 0.180608  0.180608  0.180608]
 [ 0.319392 -0.180608  0.680608]
 [ 0.680608  0.319392 -0.180608]
 [-0.180608  0.680608  0.319392]]
INFO:root:[+] Упаковка не найдена
INFO:root:[+] Молекула SOJDUQ(C24 Cu3 H54 N12 O1)

INFO:root:[[-0.135531 -0.135531 -0.135531]
 [ 0.364469 -0.135531  0.364469]
 [ 0.364469  0.364469 -0.135531]
 [-0.135531  0.364469  0.364469]]
INFO:root:[+] Упаковка не найдена
INFO:root:[+] Молекула TRIAEH01(C6 H21 N4)

INFO:root:[[-0.232326 -0.232326 -0.232326]
 [ 0.267674  0.267674 -0.232326]
 [-0.232326  0.267674  0.267674]
 [ 0.267674 -0.232326  0.267674]]
INFO:root:[+] Упаковка не найдена
INFO:root:[+] Молекула SOJDUQ(C24 Cu3 H54 N12 O1)

INFO:root:[[ 0.133976  0.133976  0.133976]
 [ 0.366024 -0.133976  0.633976]
 [ 0.633976  0.366024 -0.133976]
 [-0.133976  0.633976  0.366024]]
INFO:root:[+] Упаковка не найдена
INFO:root:[+] Молекула SOJDUQ(Cl1 O4)

INFO:root:[[ 0.313218  0.313218  0.313218]
 [ 0.186782 -0.313218  0.813218]
 [ 0.813218  0.186782 -0.313218]
 [-0.313218  0.813218  0.186782]]
INFO:root:[+] Упаковка не найдена
INFO:root:[+] Молекула SOJDUQ(Cl1 O4)

INFO:root:[[ 0.5095  0.5095  0.5095]
 [-0.0095 -0.5095  1.0095]
 [ 1.0095 -0.0095 -0.5095]
 [-0.5095  1.0095 -0.0095]]
INFO:root:[+] Упаковка не найдена
INFO:root:[+] Молекула VADFOV(Cl1 O4)

INFO:root:[[ 0.209028  0.209028  0.209028]
 [ 0.709028  0.290972 -0.209028]
 [-0.209028  0.709028  0.290972]
 [ 0.290972 -0.209028  0.709028]]
INFO:root:[+] Упаковка не найдена
INFO:root:[+] Молекула VATKIL01(C6 H21 N4)

INFO:root:[[ 0.492768  0.492768  0.492768]
 [ 0.007232 -0.492768  0.992768]
 [-0.492768  0.992768  0.007232]
 [ 0.992768  0.007232 -0.492768]]
INFO:root:[+] Упаковка не найдена
INFO:root:[+] Молекула TIJDEW(C39 H51 N6)

INFO:root:[[ 0.539673  0.539673  0.539673]
 [-0.039673 -0.539673  1.039673]
 [ 1.039673 -0.039673 -0.539673]
 [-0.539673  1.039673 -0.039673]]
INFO:root:[+] Упаковка не найдена
INFO:root:[+] Молекула TIJDEW(Cl4 Fe1)

INFO:root:[[ 0.253362  0.253362  0.253362]
 [ 0.246638 -0.253362  0.753362]
 [ 0.753362  0.246638 -0.253362]
 [-0.253362  0.753362  0.246638]]
INFO:root:[+] Упаковка не найдена
INFO:root:[+] Молекула VOBXEP(C6 H21 N4)

INFO:root:[[-0.246459 -0.246459 -0.246459]
 [ 0.253541  0.253541 -0.246459]
 [-0.246459  0.253541  0.253541]
 [ 0.253541 -0.246459  0.253541]]
INFO:root:[+] Упаковка не найдена
INFO:root:[+] Молекула VOBXEP(Cl1 O4)

INFO:root:[[ 0.043654  0.043654  0.043654]
 [ 0.543654  0.456346 -0.043654]
 [-0.043654  0.543654  0.456346]
 [ 0.456346 -0.043654  0.543654]]
INFO:root:[+] Упаковка не найдена
INFO:root:[+] Молекула VOBXEP(Cl1 O4)

INFO:root:[[ 0.562972  0.562972  0.562972]
 [ 1.062972 -0.062972 -0.562972]
 [-0.562972  1.062972 -0.062972]
 [-0.062972 -0.562972  1.062972]]
INFO:root:[+] Упаковка не найдена
INFO:root:[+] Молекула VOBXEP(Cl1 O4)

INFO:root:[[ 0.27723  0.27723  0.27723]
 [ 0.77723  0.22277 -0.27723]
 [-0.27723  0.77723  0.22277]
 [ 0.22277 -0.27723  0.77723]]
INFO:root:[+] Упаковка не найдена
INFO:root:[+] Молекула VOBXEP01(Cl1 O4)

INFO:root:[[ 0.027828  0.027828  0.027828]
 [ 0.472172 -0.027828  0.527828]
 [-0.027828  0.527828  0.472172]
 [ 0.527828  0.472172 -0.027828]]
INFO:root:[+] Упаковка не найдена
INFO:root:[+] Молекула VUYDEZ(N1 O3)

INFO:root:[[ 0.946525  0.946525  0.946525]
 [-0.446525 -0.946525  1.446525]
 [-0.946525  1.446525 -0.446525]
 [ 1.446525 -0.446525 -0.946525]]
INFO:root:[+] Упаковка не найдена
INFO:root:[+] Молекула TUJNAO(O19 W6)

INFO:root:[[ 0.785874  0.785874  0.785874]
 [-0.285874 -0.785874  1.285874]
 [-0.785874  1.285874 -0.285874]
 [ 1.285874 -0.285874 -0.785874]]
INFO:root:[+] Упаковка не найдена
INFO:root:[+] Молекула XOLVEC(C3 H9 S1)

INFO:root:[[ 0.249979  0.249979  0.249979]
 [ 0.250021 -0.249979  0.749979]
 [-0.249979  0.749979  0.250021]
 [ 0.749979  0.250021 -0.249979]]
INFO:root:[+] Упаковка не найдена
INFO:root:[+] Молекула XUNHIY(C1 Cl3 H1)

INFO:root:[[ 0.78687  0.78687  0.78687]
 [-0.28687 -0.78687  1.28687]
 [-0.78687  1.28687 -0.28687]
 [ 1.28687 -0.28687 -0.78687]]
INFO:root:[+] Упаковка не найдена
INFO:root:[+] Молекула YAPNIM(C24 Co1 H27 N7 O3)

INFO:root:[[ 0.362413  0.362413  0.362413]
 [ 0.862413  0.137587 -0.362413]
 [-0.362413  0.862413  0.137587]
 [ 0.137587 -0.362413  0.862413]]
INFO:root:[+] Упаковка не найдена
INFO:root:[+] Молекула YOQGAO(C6 H21 N3 Ni1 O3)

INFO:root:[[ 0.751328  0.751328  0.751328]
 [-0.251328 -0.751328  1.251328]
 [ 1.251328 -0.251328 -0.751328]
 [-0.751328  1.251328 -0.251328]]
INFO:root:[+] Упаковка не найдена
INFO:root:[+] Молекула YAPNIM(F6 P1)

INFO:root:[[ 0.599171  0.599171  0.599171]
 [ 1.099171 -0.099171 -0.599171]
 [-0.599171  1.099171 -0.099171]
 [-0.099171 -0.599171  1.099171]]
INFO:root:[+] Упаковка не найдена
INFO:root:[+] Молекула YAPNIM(F6 P1)

INFO:root:[[ 0.0552  0.0552  0.0552]
 [ 0.5552  0.4448 -0.0552]
 [-0.0552  0.5552  0.4448]
 [ 0.4448 -0.0552  0.5552]]
INFO:root:[+] Упаковка не найдена
INFO:root:[+] Молекула YAPNIM(C2 N1)

INFO:root:[[-0.1458 -0.1458 -0.1458]
 [ 0.3542  0.3542 -0.1458]
 [-0.1458  0.3542  0.3542]
 [ 0.3542 -0.1458  0.3542]]
INFO:root:[+] Упаковка не найдена
INFO:root:[+] Молекула YICTUA(C40 Cl3 H66 N6 Ni2 O6)

INFO:root:[[-0.029398 -0.029398 -0.029398]
 [ 0.470602  0.470602 -0.029398]
 [-0.029398  0.470602  0.470602]
 [ 0.470602 -0.029398  0.470602]]
INFO:root:[+] Упаковка не найдена
INFO:root:[+] Молекула ZZZWJS01(C6 Np1 O8)

INFO:root:[[ 0.181383  0.181383  0.181383]
 [ 0.681383  0.318617 -0.181383]
 [-0.181383  0.681383  0.318617]
 [ 0.318617 -0.181383  0.681383]]
INFO:root:[+] Упаковка не найдена
INFO:root:[+] Молекула OYEBOK(C116 Cu8 H102 N4 P4 S6)

INFO:root:[[ 0.639982  0.639982  0.639982]
 [-0.139982 -0.639982  1.139982]
 [-0.639982  1.139982 -0.139982]
 [ 1.139982 -0.139982 -0.639982]]
INFO:root:[+] Упаковка не найдена
INFO:root:[+] Молекула RORRAR(C6 Fe1 O12)

INFO:root:[[ 0.0133063  0.0133063  0.0133063]
 [ 0.2366937  0.5133063  0.2633063]
 [ 0.5133063  0.4866937 -0.0133063]
 [ 0.4866937 -0.0133063  0.5133063]
 [ 0.5133063  0.2633063  0.2366937]
 [ 0.2633063  0.2366937  0.5133063]
 [-0.0133063  0.5133063  0.4866937]
 [ 0.4866937  0.4866937  0.4866937]]
INFO:root:[+] d=[-0.38165315, -0.625, -0.63165315]
INFO:root:[+] Упаковка не найдена
INFO:root:[+] Молекула PHSNSB(C2 H6 N6 S3 Si2)

INFO:root:[[ 0.375  0.375  0.375]
 [-0.125  0.875  0.625]
 [ 0.875  0.125 -0.375]
 [ 0.125  0.125  0.125]
 [-0.375  0.875  0.125]
 [ 0.875  0.625 -0.125]
 [ 0.125 -0.375  0.875]
 [ 0.625 -0.125  0.875]]
INFO:root:[+] d=[-0.5, -1.0625, -0.8125]
INFO:root:[+] Упаковка не найдена
INFO:root:[+] Молекула SERNAE(Al1 C6 H6 O9)

INFO:root:[[-0.0246655 -0.0246655 -0.0246655]
 [ 0.2253345  0.4753345  0.2253345]
 [ 0.4753345  0.4753345 -0.0246655]
 [ 0.4753345  0.4753345  0.4753345]
 [-0.0246655  0.4753345  0.4753345]
 [ 0.4753345  0.2253345  0.2253345]
 [ 0.4753345 -0.0246655  0.4753345]
 [ 0.2253345  0.2253345  0.4753345]]
INFO:root:[+] d=[-0.424331, -0.53699825, -0.6496655]
INFO:root:[+] Упаковка не найдена
INFO:root:[+] Молекула SERNAE10(Al2 C12 H15 O18)

INFO:root:[[-0.125 -0.125 -0.125]
 [ 0.125  0.375  0.125]
 [ 0.375  0.375 -0.125]
 [ 0.375  0.375  0.375]
 [-0.125  0.375  0.375]
 [ 0.375  0.125  0.125]
 [ 0.375 -0.125  0.375]
 [ 0.125  0.125  0.375]]
INFO:root:[+] d=[-0.625, -0.6875, -0.75]
INFO:root:[+] Упаковка не найдена
INFO:root:[+] Молекула EWEPEE(Ag3 C12 H36 N6 Rh2 S6)

INFO:root:[[ 0.636037  0.636037  0.636037]
 [-0.386037  1.136037  0.886037]
 [-0.136037 -0.636037  1.136037]
 [-0.636037  1.136037 -0.136037]
 [ 0.886037 -0.386037  1.136037]
 [-0.136037 -0.136037 -0.136037]
 [ 1.136037 -0.136037 -0.636037]
 [ 1.136037  0.886037 -0.386037]]
INFO:root:[+] d=[-0.8290555, -1.522074, -1.272074]
INFO:root:[+] Упаковка не найдена
INFO:root:[+] Молекула EWEFIY(Ag3 C12 Co2 H36 N6 S6)

INFO:root:[[ 0.636199  0.636199  0.636199]
 [ 0.886199 -0.386199  1.136199]
 [ 1.136199  0.886199 -0.386199]
 [ 1.136199 -0.136199 -0.636199]
 [-0.636199  1.136199 -0.136199]
 [-0.136199 -0.636199  1.136199]
 [-0.386199  1.136199  0.886199]
 [-0.136199 -0.136199 -0.136199]]
INFO:root:[+] d=[-0.8292984999999999, -1.5223979999999995, -1.272398]
INFO:root:[+] Упаковка не найдена
INFO:root:[+] Молекула YOPRIF(Br3 C23 H12 N3 O6)

INFO:root:[[ 0.225055  0.225055  0.225055]
 [-0.225055  0.225055  0.225055]
 [-0.225055 -0.225055  0.225055]
 [ 0.225055 -0.225055  0.225055]
 [ 0.225055 -0.225055 -0.225055]
 [ 0.225055  0.225055 -0.225055]
 [-0.225055  0.225055 -0.225055]
 [-0.225055 -0.225055 -0.225055]]
INFO:root:[+] d=[-0.9999999999999998, -1.0, -1.0]
INFO:root:[+] Упаковка не найдена
INFO:root:[+] Молекула ANTTFA(C6 F9 O6 Sb1)

INFO:root:[[-0.00629955 -0.00629955 -0.00629955]
 [ 0.49370045  0.24370045  0.49370045]
 [ 0.49370045  0.49370045 -0.00629955]
 [ 0.24370045  0.24370045  0.24370045]
 [-0.00629955  0.49370045  0.49370045]
 [ 0.24370045  0.49370045  0.49370045]
 [ 0.49370045 -0.00629955  0.49370045]
 [ 0.49370045  0.49370045  0.24370045]]
INFO:root:[+] d=[-0.38759910000000003, -0.5094493250000001, -0.5094493250000001]
INFO:root:[+] Упаковка не найдена
INFO:root:[+] Молекула NIRQOU(C6 Fe1 O12)

INFO:root:[[ 0.986647  0.986647  0.986647]
 [-0.486647  1.236647  1.486647]
 [ 1.486647 -0.486647 -0.986647]
 [-0.486647 -0.986647  1.486647]
 [ 1.236647  1.486647 -0.486647]
 [ 1.486647 -0.486647  1.236647]
 [-0.986647  1.486647 -0.486647]
 [-0.736647 -0.736647 -0.736647]]
INFO:root:[+] d=[-1.473294, -2.2232939999999997, -1.9732939999999997]
INFO:root:[+] Упаковка не найдена
INFO:root:[+] Молекула GUANSL02(O4 S1)

INFO:root:[[ 0.444742  0.444742  0.444742]
 [ 0.055258 -0.444742  0.944742]
 [-0.444742  0.944742  0.055258]
 [ 0.944742  0.055258 -0.444742]
 [ 0.694742  0.944742  0.055258]
 [-0.194742 -0.194742 -0.194742]
 [ 0.944742  0.055258  0.694742]
 [ 0.055258  0.694742  0.944742]]
INFO:root:[+] d=[-0.569742, -1.167113, -0.9171130000000001]
INFO:root:[+] Упаковка не найдена
INFO:root:[+] Молекула EWEPOO(Ag3 C12 Co2 H36 N6 S6)

INFO:root:[[ 0.363813  0.363813  0.363813]
 [ 0.863813  0.136187  0.613813]
 [ 0.613813  0.863813  0.136187]
 [ 0.863813  0.136187 -0.363813]
 [-0.363813  0.863813  0.136187]
 [ 0.136187 -0.363813  0.863813]
 [ 0.136187  0.613813  0.863813]
 [-0.113813 -0.113813 -0.113813]]
INFO:root:[+] d=[-0.48881299999999994, -1.0457195, -0.7957194999999999]
INFO:root:[+] Упаковка не найдена
INFO:root:[+] Молекула REYGIL(C15 Cl3 N3 O8 Os3 S2)

INFO:root:[[ 0.625  0.625  0.625]
 [-0.125  0.875  1.125]
 [ 1.125 -0.125 -0.625]
 [-0.125 -0.625  1.125]
 [ 0.875  1.125 -0.125]
 [ 1.125 -0.125  0.875]
 [-0.625  1.125 -0.125]
 [-0.375 -0.375 -0.375]]
INFO:root:[+] d=[-0.8125, -1.5, -1.25]
INFO:root:[+] Упаковка не найдена
INFO:root:[+] Молекула EWEPAA(Ag3 C12 H36 N6 Rh2 S6)

INFO:root:[[ 0.363928  0.363928  0.363928]
 [ 0.136072  0.613928  0.863928]
 [ 0.136072 -0.363928  0.863928]
 [-0.363928  0.863928  0.136072]
 [ 0.863928  0.136072  0.613928]
 [-0.113928 -0.113928 -0.113928]
 [ 0.863928  0.136072 -0.363928]
 [ 0.613928  0.863928  0.136072]]
INFO:root:[+] d=[-0.48892800000000003, -1.045892, -0.795892]
INFO:root:[+] Упаковка не найдена
INFO:root:[+] Молекула FUBYUW(C4 Co1 O4)

INFO:root:[[ 0.5  0.5  0.5]
 [-0.5  0.5 -0.5]
 [ 0.5 -0.5 -0.5]
 [-0.5 -0.5  0.5]]
INFO:root:[+] Упаковка не найдена
INFO:root:[+] Молекула YUMNUP(B4 C16 H36 Zr1)

INFO:root:[[ 1.  1.  1.]
 [ 1. -1. -1.]
 [-1. -1.  1.]
 [-1.  1. -1.]]
INFO:root:[+] Упаковка не найдена
INFO:root:[+] Молекула CESVEC(C24 Cd1 H30 N12 S6)

INFO:root:[[ 0.172775  0.172775  0.172775]
 [-0.172775 -0.172775  0.172775]
 [-0.172775  0.172775 -0.172775]
 [ 0.172775 -0.172775 -0.172775]
 [ 0.672775  0.672775  0.672775]
 [ 0.327225  0.327225  0.672775]
 [ 0.672775  0.327225  0.327225]
 [ 0.327225  0.672775  0.327225]]
INFO:root:[+] d=[-0.5, -0.75, -0.75]
INFO:root:[+] Упаковка не найдена
INFO:root:[+] Молекула FISCOC(C2 H3 N1)

INFO:root:[[ 0.831483  0.831483  0.831483]
 [-0.831483 -0.831483  0.831483]
 [-0.831483  0.831483 -0.831483]
 [ 0.831483 -0.831483 -0.831483]
 [ 1.331483  1.331483  1.331483]
 [-0.331483 -0.331483  1.331483]
 [ 1.331483 -0.331483 -0.331483]
 [-0.331483  1.331483 -0.331483]]
INFO:root:[+] d=[-1.162966, -1.6629660000000004, -1.6629660000000004]
INFO:root:[+] Упаковка не найдена
INFO:root:[+] Молекула NAWWAK(C45 H51 Ir1 O3 P5)

INFO:root:[[ 0.81229  0.81229  0.81229]
 [-0.81229 -0.81229  0.81229]
 [-0.81229  0.81229 -0.81229]
 [ 0.81229 -0.81229 -0.81229]
 [ 1.31229  1.31229  1.31229]
 [-0.31229 -0.31229  1.31229]
 [ 1.31229 -0.31229 -0.31229]
 [-0.31229  1.31229 -0.31229]]
INFO:root:[+] d=[-1.12458, -1.62458, -1.62458]
INFO:root:[+] Упаковка не найдена
INFO:root:[+] Молекула PUSSUR(C4 H12 N1)

INFO:root:[[ 0.336465  0.336465  0.336465]
 [ 0.836465  0.163535  0.163535]
 [ 0.336465 -0.336465 -0.336465]
 [-0.336465 -0.336465  0.336465]
 [ 0.163535  0.163535  0.836465]
 [ 0.163535  0.836465  0.163535]
 [-0.336465  0.336465 -0.336465]
 [ 0.836465  0.836465  0.836465]]
INFO:root:[+] d=[-0.586465, -0.67293, -0.8796975]
INFO:root:[+] Упаковка не найдена
INFO:root:[+] Молекула SENLAY(C16 H36 P4 Si4)

INFO:root:[[ 1.   1.   1. ]
 [ 1.  -1.  -1. ]
 [-1.   1.  -1. ]
 [-1.  -1.   1. ]
 [ 1.5  1.5  1.5]
 [-0.5  1.5 -0.5]
 [ 1.5 -0.5 -0.5]
 [-0.5 -0.5  1.5]]
INFO:root:[+] d=[-1.5, -2.0, -2.0]
INFO:root:[+] Упаковка не найдена
INFO:root:[+] Молекула TAMCUG01(C4 N1)

INFO:root:[[ 0.33646  0.33646  0.33646]
 [ 0.33646 -0.33646 -0.33646]
 [-0.33646  0.33646 -0.33646]
 [-0.33646 -0.33646  0.33646]
 [ 0.83646  0.83646  0.83646]
 [ 0.16354  0.83646  0.16354]
 [ 0.83646  0.16354  0.16354]
 [ 0.16354  0.16354  0.83646]]
INFO:root:[+] d=[-0.58646, -0.67292, -0.8796899999999999]
INFO:root:[+] Упаковка не найдена
INFO:root:[+] Молекула UDIJEY(C16 F36 O4 Tl4)

INFO:root:[[ 1.   1.   1. ]
 [-0.5  1.5 -0.5]
 [-0.5 -0.5  1.5]
 [ 1.5 -0.5 -0.5]
 [-1.  -1.   1. ]
 [ 1.  -1.  -1. ]
 [-1.   1.  -1. ]
 [ 1.5  1.5  1.5]]
INFO:root:[+] d=[-1.5, -2.0, -2.0]
INFO:root:[+] Упаковка не найдена
INFO:root:[+] Молекула RUQMEV(C12 Cu4 H36 I4 N4)

INFO:root:[[ 0.5  0.5  0.5]
 [ 1.   0.   0. ]
 [ 0.5 -0.5 -0.5]
 [-0.5 -0.5  0.5]
 [ 0.   0.   1. ]
 [ 0.   1.   0. ]
 [-0.5  0.5 -0.5]
 [ 1.   1.   1. ]]
INFO:root:[+] d=[-0.75, -1.0, -1.125]
INFO:root:[+] Упаковка не найдена
INFO:root:[+] Молекула WABLOC(C16 H36 O4 Tl4)

INFO:root:[[ 0.5  0.5  0.5]
 [ 1.   0.   0. ]
 [-0.5 -0.5  0.5]
 [ 0.   1.   0. ]
 [ 0.5 -0.5 -0.5]
 [ 0.   0.   1. ]
 [-0.5  0.5 -0.5]
 [ 1.   1.   1. ]]
INFO:root:[+] d=[-0.75, -1.0, -1.125]
INFO:root:[+] Упаковка не найдена
INFO:root:[+] Молекула ZOHQAQ(C28 Cu4 H52 I4 N4)

INFO:root:[[ 1.   1.   1. ]
 [ 1.  -1.  -1. ]
 [-1.  -1.   1. ]
 [-1.   1.  -1. ]
 [ 1.5 -0.5 -0.5]
 [-0.5 -0.5  1.5]
 [-0.5  1.5 -0.5]
 [ 1.5  1.5  1.5]]
INFO:root:[+] d=[-1.5, -2.0, -2.0]
INFO:root:[+] Упаковка не найдена
INFO:root:[+] Молекула VUBYAV(C40 Ge4 H60 N4)

INFO:root:[[ 0.5  0.5  0.5]
 [-0.5 -0.5  0.5]
 [-0.5  0.5 -0.5]
 [ 0.5 -0.5 -0.5]
 [ 1.   1.   1. ]
 [ 0.   0.   1. ]
 [ 1.   0.   0. ]
 [ 0.   1.   0. ]]
INFO:root:[+] d=[-0.75, -1.0, -1.125]
INFO:root:[+] Упаковка не найдена
INFO:root:[+] Молекула XASZIC01(C24 H48 Mn1 O6)

INFO:root:[[0.  0.  0. ]
 [0.5 0.5 0. ]
 [0.5 0.  0.5]
 [0.  0.5 0.5]]
INFO:root:[+] Упаковка не найдена
INFO:root:[+] Молекула BALZUJ(C6)

INFO:root:[[ 0.5  0.5  0.5]
 [ 1.   1.  -0.5]
 [-0.5  1.   1. ]
 [ 0.   0.5  0. ]
 [ 1.  -0.5  1. ]
 [ 0.5  0.   0. ]
 [-0.5 -0.5 -0.5]
 [ 0.   0.   0.5]]
INFO:root:[+] d=[-0.75, -1.125, -1.125]
INFO:root:[+] Упаковка не найдена
INFO:root:[+] Молекула FLOHMN01(C12 H4 Mn4 O16)

INFO:root:[[ 0.75  0.75  0.75]
 [-0.75  1.25  1.25]
 [ 0.75 -0.25 -0.25]
 [-0.25 -0.25  0.75]
 [ 1.25  1.25 -0.75]
 [ 1.25 -0.75  1.25]
 [-0.25  0.75 -0.25]
 [-0.75 -0.75 -0.75]]
INFO:root:[+] d=[-1.0, -1.5, -1.5]
INFO:root:[+] Упаковка не найдена
